2026-01-03 16:56:02,308 [INFO] Function for x0 with parents ['x4'] has values [1, 1]. Function clause is (~x4) | (x4).
2026-01-03 16:56:02,308 [INFO] Function for x1 with parents ['x9' 'x3' 'x0'] has values [1, 1, 1, 0, 1, 0, 0, 0]. Function clause is (~x9 & ~x3 & ~x0) | (x9 & ~x3 & ~x0) | (~x9 & x3 & ~x0) | (~x9 & ~x3 & x0).
2026-01-03 16:56:02,309 [INFO] Function for x2 with parents ['x1' 'x6' 'x5'] has values [0, 0, 0, 0, 1, 1, 0, 1]. Function clause is (~x1 & ~x6 & x5) | (x1 & ~x6 & x5) | (x1 & x6 & x5).
2026-01-03 16:56:02,309 [INFO] Function for x3 with parents ['x0' 'x6'] has values [0, 1, 0, 1]. Function clause is (x0 & ~x6) | (x0 & x6).
2026-01-03 16:56:02,309 [INFO] Function for x4 with parents ['x9' 'x10' 'x6'] has values [1, 1, 1, 0, 0, 1, 1, 1]. Function clause is (~x9 & ~x10 & ~x6) | (x9 & ~x10 & ~x6) | (~x9 & x10 & ~x6) | (x9 & ~x10 & x6) | (~x9 & x10 & x6) | (x9 & x10 & x6).
2026-01-03 16:56:02,310 [INFO] Function for x5 with parents ['x4' 'x2'] has values [0, 1, 0, 1]. Function clause is (x4 & ~x2) | (x4 & x2).
2026-01-03 16:56:02,310 [INFO] Function for x6 with parents ['x9' 'x2' 'x7'] has values [0, 0, 0, 0, 0, 0, 0, 1]. Function clause is (x9 & x2 & x7).
2026-01-03 16:56:02,310 [INFO] Function for x7 with parents ['x1'] has values [0, 0]. Function clause is FALSE.
2026-01-03 16:56:02,310 [INFO] Function for x8 with parents ['x2'] has values [1, 0]. Function clause is (~x2).
2026-01-03 16:56:02,311 [INFO] Function for x9 with parents ['x1' 'x6' 'x0'] has values [0, 0, 1, 0, 0, 0, 1, 0]. Function clause is (~x1 & x6 & ~x0) | (~x1 & x6 & x0).
2026-01-03 16:56:02,311 [INFO] Function for x10 with parents ['x4' 'x2' 'x0'] has values [0, 1, 0, 0, 1, 0, 1, 1]. Function clause is (x4 & ~x2 & ~x0) | (~x4 & ~x2 & x0) | (~x4 & x2 & x0) | (x4 & x2 & x0).
2026-01-03 16:56:02,311 [INFO] Function for x0 with parents ['x6' 'x2' 'x1'] has values [0, 0, 0, 1, 1, 1, 1, 0]. Function clause is (x6 & x2 & ~x1) | (~x6 & ~x2 & x1) | (x6 & ~x2 & x1) | (~x6 & x2 & x1).
2026-01-03 16:56:02,311 [INFO] Function for x1 with parents ['x8' 'x3'] has values [0, 1, 1, 0]. Function clause is (x8 & ~x3) | (~x8 & x3).
2026-01-03 16:56:02,311 [INFO] Function for x2 with parents ['x4'] has values [0, 1]. Function clause is (x4).
2026-01-03 16:56:02,312 [INFO] Function for x3 with parents ['x5'] has values [0, 0]. Function clause is FALSE.
2026-01-03 16:56:02,312 [INFO] Function for x4 with parents ['x6' 'x1'] has values [0, 1, 1, 1]. Function clause is (x6 & ~x1) | (~x6 & x1) | (x6 & x1).
2026-01-03 16:56:02,312 [INFO] Function for x5 with parents ['x6' 'x8'] has values [0, 0, 0, 1]. Function clause is (x6 & x8).
2026-01-03 16:56:02,312 [INFO] Function for x6 with parents ['x8' 'x1'] has values [1, 0, 1, 1]. Function clause is (~x8 & ~x1) | (~x8 & x1) | (x8 & x1).
2026-01-03 16:56:02,312 [INFO] Function for x7 with parents ['x1' 'x0'] has values [0, 1, 1, 0]. Function clause is (x1 & ~x0) | (~x1 & x0).
2026-01-03 16:56:02,313 [INFO] Function for x8 with parents ['x3' 'x1'] has values [1, 0, 0, 1]. Function clause is (~x3 & ~x1) | (x3 & x1).
2026-01-03 16:56:02,313 [INFO] Function for x0 with parents ['x5' 'x11' 'x6'] has values [1, 0, 0, 1, 0, 0, 1, 1]. Function clause is (~x5 & ~x11 & ~x6) | (x5 & x11 & ~x6) | (~x5 & x11 & x6) | (x5 & x11 & x6).
2026-01-03 16:56:02,313 [INFO] Function for x1 with parents ['x14' 'x15' 'x3'] has values [0, 0, 0, 0, 1, 1, 0, 1]. Function clause is (~x14 & ~x15 & x3) | (x14 & ~x15 & x3) | (x14 & x15 & x3).
2026-01-03 16:56:02,313 [INFO] Function for x2 with parents ['x5' 'x10'] has values [0, 0, 0, 1]. Function clause is (x5 & x10).
2026-01-03 16:56:02,314 [INFO] Function for x3 with parents ['x14' 'x7'] has values [0, 1, 0, 1]. Function clause is (x14 & ~x7) | (x14 & x7).
2026-01-03 16:56:02,314 [INFO] Function for x4 with parents ['x8' 'x3' 'x5'] has values [1, 0, 1, 0, 0, 1, 0, 1]. Function clause is (~x8 & ~x3 & ~x5) | (~x8 & x3 & ~x5) | (x8 & ~x3 & x5) | (x8 & x3 & x5).
2026-01-03 16:56:02,314 [INFO] Function for x5 with parents ['x9' 'x8' 'x1'] has values [0, 0, 1, 0, 1, 0, 0, 0]. Function clause is (~x9 & x8 & ~x1) | (~x9 & ~x8 & x1).
2026-01-03 16:56:02,314 [INFO] Function for x6 with parents ['x15' 'x4' 'x3'] has values [1, 1, 0, 1, 0, 0, 0, 1]. Function clause is (~x15 & ~x4 & ~x3) | (x15 & ~x4 & ~x3) | (x15 & x4 & ~x3) | (x15 & x4 & x3).
2026-01-03 16:56:02,314 [INFO] Function for x7 with parents ['x5' 'x15' 'x0'] has values [0, 1, 0, 1, 1, 1, 1, 1]. Function clause is (x5 & ~x15 & ~x0) | (x5 & x15 & ~x0) | (~x5 & ~x15 & x0) | (x5 & ~x15 & x0) | (~x5 & x15 & x0) | (x5 & x15 & x0).
2026-01-03 16:56:02,315 [INFO] Function for x8 with parents ['x7' 'x9' 'x3'] has values [1, 0, 1, 1, 1, 0, 1, 0]. Function clause is (~x7 & ~x9 & ~x3) | (~x7 & x9 & ~x3) | (x7 & x9 & ~x3) | (~x7 & ~x9 & x3) | (~x7 & x9 & x3).
2026-01-03 16:56:02,315 [INFO] Function for x9 with parents ['x14'] has values [1, 1]. Function clause is (~x14) | (x14).
2026-01-03 16:56:02,315 [INFO] Function for x10 with parents ['x13' 'x12'] has values [1, 1, 0, 0]. Function clause is (~x13 & ~x12) | (x13 & ~x12).
2026-01-03 16:56:02,315 [INFO] Function for x11 with parents ['x9' 'x1'] has values [1, 1, 0, 0]. Function clause is (~x9 & ~x1) | (x9 & ~x1).
2026-01-03 16:56:02,315 [INFO] Function for x12 with parents ['x7' 'x5'] has values [1, 0, 0, 1]. Function clause is (~x7 & ~x5) | (x7 & x5).
2026-01-03 16:56:02,316 [INFO] Function for x13 with parents ['x6' 'x7'] has values [0, 1, 1, 1]. Function clause is (x6 & ~x7) | (~x6 & x7) | (x6 & x7).
2026-01-03 16:56:02,316 [INFO] Function for x14 with parents ['x12' 'x8' 'x5'] has values [0, 1, 1, 0, 1, 0, 0, 1]. Function clause is (x12 & ~x8 & ~x5) | (~x12 & x8 & ~x5) | (~x12 & ~x8 & x5) | (x12 & x8 & x5).
2026-01-03 16:56:02,316 [INFO] Function for x15 with parents ['x7' 'x9' 'x3'] has values [1, 0, 0, 0, 1, 1, 0, 1]. Function clause is (~x7 & ~x9 & ~x3) | (~x7 & ~x9 & x3) | (x7 & ~x9 & x3) | (x7 & x9 & x3).
2026-01-03 16:56:02,316 [INFO] Function for x0 with parents ['x10'] has values [1, 1]. Function clause is (~x10) | (x10).
2026-01-03 16:56:02,316 [INFO] Function for x1 with parents ['x13'] has values [0, 1]. Function clause is (x13).
2026-01-03 16:56:02,317 [INFO] Function for x2 with parents ['x1'] has values [1, 1]. Function clause is (~x1) | (x1).
2026-01-03 16:56:02,317 [INFO] Function for x3 with parents ['x1' 'x12' 'x6'] has values [1, 0, 0, 0, 0, 1, 1, 0]. Function clause is (~x1 & ~x12 & ~x6) | (x1 & ~x12 & x6) | (~x1 & x12 & x6).
2026-01-03 16:56:02,317 [INFO] Function for x4 with parents ['x12' 'x6'] has values [1, 0, 1, 1]. Function clause is (~x12 & ~x6) | (~x12 & x6) | (x12 & x6).
2026-01-03 16:56:02,317 [INFO] Function for x5 with parents ['x3'] has values [0, 0]. Function clause is FALSE.
2026-01-03 16:56:02,318 [INFO] Function for x6 with parents ['x13'] has values [0, 0]. Function clause is FALSE.
2026-01-03 16:56:02,318 [INFO] Function for x7 with parents ['x5' 'x13'] has values [1, 0, 0, 1]. Function clause is (~x5 & ~x13) | (x5 & x13).
2026-01-03 16:56:02,318 [INFO] Function for x8 with parents ['x1'] has values [1, 0]. Function clause is (~x1).
2026-01-03 16:56:02,318 [INFO] Function for x9 with parents ['x14' 'x11'] has values [1, 1, 1, 1]. Function clause is (~x14 & ~x11) | (x14 & ~x11) | (~x14 & x11) | (x14 & x11).
2026-01-03 16:56:02,318 [INFO] Function for x10 with parents ['x5'] has values [1, 1]. Function clause is (~x5) | (x5).
2026-01-03 16:56:02,319 [INFO] Function for x11 with parents ['x6' 'x10' 'x2'] has values [1, 1, 0, 1, 0, 0, 0, 1]. Function clause is (~x6 & ~x10 & ~x2) | (x6 & ~x10 & ~x2) | (x6 & x10 & ~x2) | (x6 & x10 & x2).
2026-01-03 16:56:02,319 [INFO] Function for x12 with parents ['x11' 'x9'] has values [0, 0, 1, 0]. Function clause is (~x11 & x9).
2026-01-03 16:56:02,319 [INFO] Function for x13 with parents ['x14'] has values [1, 0]. Function clause is (~x14).
2026-01-03 16:56:02,319 [INFO] Function for x14 with parents ['x9'] has values [1, 0]. Function clause is (~x9).
2026-01-03 16:56:02,320 [INFO] Function for x0 with parents ['x3' 'x2' 'x4'] has values [1, 0, 0, 1, 1, 1, 1, 0]. Function clause is (~x3 & ~x2 & ~x4) | (x3 & x2 & ~x4) | (~x3 & ~x2 & x4) | (x3 & ~x2 & x4) | (~x3 & x2 & x4).
2026-01-03 16:56:02,320 [INFO] Function for x1 with parents ['x0' 'x3' 'x4'] has values [1, 1, 0, 0, 1, 1, 0, 1]. Function clause is (~x0 & ~x3 & ~x4) | (x0 & ~x3 & ~x4) | (~x0 & ~x3 & x4) | (x0 & ~x3 & x4) | (x0 & x3 & x4).
2026-01-03 16:56:02,320 [INFO] Function for x2 with parents ['x3'] has values [0, 0]. Function clause is FALSE.
2026-01-03 16:56:02,320 [INFO] Function for x3 with parents ['x1' 'x0' 'x4'] has values [0, 0, 1, 1, 0, 0, 0, 1]. Function clause is (~x1 & x0 & ~x4) | (x1 & x0 & ~x4) | (x1 & x0 & x4).
2026-01-03 16:56:02,320 [INFO] Function for x4 with parents ['x0' 'x2'] has values [1, 1, 0, 0]. Function clause is (~x0 & ~x2) | (x0 & ~x2).
